-------------------------------------------------------------------------------
Test set: ESAJPesquisaFoneticaProcessoTest
-------------------------------------------------------------------------------
Tests run: 2, Failures: 0, Errors: 2, Skipped: 0, Time elapsed: 0.021 sec <<< FAILURE! - in ESAJPesquisaFoneticaProcessoTest
testCreate(ESAJPesquisaFoneticaProcessoTest)  Time elapsed: 0.021 sec  <<< ERROR!
javax.persistence.PersistenceException: No Persistence provider for EntityManager named tj
	at javax.persistence.Persistence.createEntityManagerFactory(Persistence.java:61)
	at javax.persistence.Persistence.createEntityManagerFactory(Persistence.java:39)
	at br.com.rafagonc.tjdata.database.ESAJDatabaseManager.start(ESAJDatabaseManager.java:31)
	at br.com.rafagonc.tjdata.database.ESAJDatabaseManager.start(ESAJDatabaseManager.java:27)
	at br.com.rafagonc.tjdata.database.ESAJDatabaseManager.share(ESAJDatabaseManager.java:45)
	at ESAJPesquisaFoneticaProcessoTest.setUp(ESAJPesquisaFoneticaProcessoTest.java:21)

testDelete(ESAJPesquisaFoneticaProcessoTest)  Time elapsed: 0 sec  <<< ERROR!
javax.persistence.PersistenceException: No Persistence provider for EntityManager named tj
	at javax.persistence.Persistence.createEntityManagerFactory(Persistence.java:61)
	at javax.persistence.Persistence.createEntityManagerFactory(Persistence.java:39)
	at br.com.rafagonc.tjdata.database.ESAJDatabaseManager.start(ESAJDatabaseManager.java:31)
	at br.com.rafagonc.tjdata.database.ESAJDatabaseManager.start(ESAJDatabaseManager.java:27)
	at br.com.rafagonc.tjdata.database.ESAJDatabaseManager.share(ESAJDatabaseManager.java:45)
	at ESAJPesquisaFoneticaProcessoTest.setUp(ESAJPesquisaFoneticaProcessoTest.java:21)

